<?xml version="1.0" encoding="UTF-8"?>
<testng-results ignored="0" total="1" passed="1" failed="0" skipped="0">
  <reporter-output>
  </reporter-output>
  <suite started-at="2018-11-16T07:13:58Z" name="Default suite" finished-at="2018-11-16T07:14:47Z" duration-ms="48077">
    <groups>
    </groups>
    <test started-at="2018-11-16T07:13:58Z" name="Default test" finished-at="2018-11-16T07:14:47Z" duration-ms="48077">
      <class name="SampleLoginTest.SampleLoginTest.SampleTestCase">
        <test-method is-config="true" signature="start()[pri:0, instance:SampleLoginTest.SampleLoginTest.SampleTestCase@1ba9117e]" started-at="2018-11-16T12:43:58Z" name="start" finished-at="2018-11-16T12:44:07Z" duration-ms="8799" status="PASS">
          <reporter-output>
          </reporter-output>
        </test-method> <!-- start -->
        <test-method signature="SampleLoginTestCase()[pri:0, instance:SampleLoginTest.SampleLoginTest.SampleTestCase@1ba9117e]" started-at="2018-11-16T12:44:07Z" name="SampleLoginTestCase" finished-at="2018-11-16T12:44:47Z" duration-ms="39262" status="PASS">
          <reporter-output>
          </reporter-output>
        </test-method> <!-- SampleLoginTestCase -->
        <test-method is-config="true" signature="end()[pri:0, instance:SampleLoginTest.SampleLoginTest.SampleTestCase@1ba9117e]" started-at="2018-11-16T12:44:47Z" name="end" finished-at="2018-11-16T12:44:47Z" duration-ms="0" status="PASS">
          <reporter-output>
          </reporter-output>
        </test-method> <!-- end -->
      </class> <!-- SampleLoginTest.SampleLoginTest.SampleTestCase -->
    </test> <!-- Default test -->
  </suite> <!-- Default suite -->
</testng-results>
